#
# A fatal error has been detected by the Java Runtime Environment:
#
#  EXCEPTION_ACCESS_VIOLATION (0xc0000005) at pc=0x00000220075993d0, pid=34740, tid=49136
#
# JRE version: OpenJDK Runtime Environment (19.0.1+10) (build 19.0.1+10-21)
# Java VM: OpenJDK 64-Bit Server VM (19.0.1+10-21, mixed mode, tiered, compressed oops, compressed class ptrs, g1 gc, windows-amd64)
# Problematic frame:
# v  ~BufferBlob::MethodHandles adapters 0x00000220075993d0
#
# No core dump will be written. Minidumps are not enabled by default on client versions of Windows
#
# If you would like to submit a bug report, please visit:
#   https://bugreport.java.com/bugreport/crash.jsp
#

---------------  S U M M A R Y ------------

Command Line: -XX:+ShowCodeDetailsInExceptionMessages -agentlib:jdwp=transport=dt_socket,suspend=y,address=localhost:64707 -ea -javaagent:C:\devel\ec2212\eclipse\configuration\org.eclipse.osgi\227\0\.cp\lib\javaagent-shaded.jar -Dfile.encoding=UTF-8 org.eclipse.jdt.internal.junit.runner.RemoteTestRunner -version 3 -port 64706 -testLoaderClass org.eclipse.jdt.internal.junit5.runner.JUnit5TestLoader -loaderpluginname org.eclipse.jdt.junit5.runtime -classNames kerho.test.KierrosTest

Host: Intel(R) Core(TM) i7-6700K CPU @ 4.00GHz, 8 cores, 15G,  Windows 10 , 64 bit Build 19041 (10.0.19041.3636)
Time: Mon Dec 11 19:39:43 2023 Suomen normaaliaika elapsed time: 71.410450 seconds (0d 0h 1m 11s)

---------------  T H R E A D  ---------------

Current thread (0x000002206ac483b0):  JavaThread "main" [_thread_in_Java, id=49136, stack(0x00000084c3800000,0x00000084c3900000)]

Stack: [0x00000084c3800000,0x00000084c3900000],  sp=0x00000084c38fe2d8,  free space=1016k
Native frames: (J=compiled Java code, j=interpreted, Vv=VM code, C=native code)
C  0x00000220075993d0


siginfo: EXCEPTION_ACCESS_VIOLATION (0xc0000005), reading address 0xffffffffffffffff


Registers:
RAX=0x000002200754c11a, RBX=0xe1fcf1ae00000000, RCX=0x00000084c38fe2e0, RDX=0x0000000000000002
RSP=0x00000084c38fe2d8, RBP=0x00000084c38fe328, RSI=0x00000220159fda38, RDI=0x0000022015c301a0
R8 =0x0000000000000002, R9 =0x0000000000000002, R10=0x0000000800000000, R11=0x00000220113afd40
R12=0x0000000000000000, R13=0x00000084c38fe2d8, R14=0x00000084c38fe348, R15=0x000002206ac483b0
RIP=0x00000220075993d0, EFLAGS=0x0000000000010202


Register to memory mapping:

RIP=0x00000220075993d0 is at begin+68 in a stub
MethodHandle::interpreter_entry::_linkToSpecial [0x000002200759938c, 0x00000220075993db] (79 bytes)
RAX=0x000002200754c11a is at code_begin+3354 in an Interpreter codelet
return entry points  [0x000002200754b400, 0x000002200754d4d0]  8400 bytes
RBX=0xe1fcf1ae00000000 is an unknown value
RCX=0x00000084c38fe2e0 is pointing into the stack for thread: 0x000002206ac483b0
RDX=0x0000000000000002 is an unknown value
RSP=0x00000084c38fe2d8 is pointing into the stack for thread: 0x000002206ac483b0
RBP=0x00000084c38fe328 is pointing into the stack for thread: 0x000002206ac483b0
RSI=0x00000220159fda38 points into unknown readable memory: 0x88001c6341a2a943 | 43 a9 a2 41 63 1c 00 88
RDI=0x0000022015c301a0 points into unknown readable memory: 0x0000001800000070 | 70 00 00 00 18 00 00 00
R8 =0x0000000000000002 is an unknown value
R9 =0x0000000000000002 is an unknown value
R10=0x0000000800000000 is pointing into metadata
R11={method} {0x00000220113afd48} 'newInvokeSpecial' '(Ljava/lang/Object;)Ljava/lang/Object;' in 'java/lang/invoke/DirectMethodHandle$Holder'
R12=0x0 is NULL
R13=0x00000084c38fe2d8 is pointing into the stack for thread: 0x000002206ac483b0
R14=0x00000084c38fe348 is pointing into the stack for thread: 0x000002206ac483b0
R15=0x000002206ac483b0 is a thread


Top of Stack: (sp=0x00000084c38fe2d8)
0x00000084c38fe2d8:   000002200754c11a 00000084c38fe2e0
0x00000084c38fe2e8:   00000220113afd2f 00000084c38fe348
0x00000084c38fe2f8:   00000220113b3ae0 0000022011d14660
0x00000084c38fe308:   000000070f655df8 00000220113afd40
0x00000084c38fe318:   00000084c38fe2d8 00000084c38fe350
0x00000084c38fe328:   00000084c38fe5b0 000002200022cce6
0x00000084c38fe338:   000000070fe78c78 000000070fe78d20
0x00000084c38fe348:   000000070fe78cd8 00000084c38fe350
0x00000084c38fe358:   000002201120ef96 00000084c38fe3c8
0x00000084c38fe368:   0000000000000000 00000084c38fe370
0x00000084c38fe378:   00000220110812c0 00000084c38fe3d8
0x00000084c38fe388:   000002201120ac18 0000000000000000
0x00000084c38fe398:   000000070f6d12f0 0000022011081308
0x00000084c38fe3a8:   0000000000000000 00000084c38fe3d0
0x00000084c38fe3b8:   00000084c38fe428 000002200754c11a
0x00000084c38fe3c8:   0000000000000000 000000070fe78d08 

Instructions: (pc=0x00000220075993d0)
0x00000220075992d0:   bf f8 04 00 00 00 74 03 ff 63 38 ff 63 50 e9 1d
0x00000220075992e0:   ac fd ff 66 66 66 0f 1f 84 00 00 00 00 00 66 66
0x00000220075992f0:   66 90 66 66 0f 1f 84 00 00 00 00 00 66 66 66 90
0x0000022007599300:   48 8b 53 08 0f b7 52 2c 48 8b 0c d4 58 5b 50 44
0x0000022007599310:   8b 51 08 49 bb 00 00 00 00 08 00 00 00 4d 03 d3
0x0000022007599320:   4c 8b 5b 10 4b 8b 9c da b8 01 00 00 48 85 db 0f
0x0000022007599330:   84 10 00 00 00 41 80 bf f8 04 00 00 00 74 03 ff
0x0000022007599340:   63 38 ff 63 50 e9 b6 ab fd ff 66 66 66 0f 1f 84
0x0000022007599350:   00 00 00 00 00 66 66 66 90 0f 1f 80 00 00 00 00
0x0000022007599360:   58 5b 50 8b 5b 24 48 c1 e3 03 48 8b 5b 10 48 85
0x0000022007599370:   db 0f 84 10 00 00 00 41 80 bf f8 04 00 00 00 74
0x0000022007599380:   03 ff 63 38 ff 63 50 e9 74 ab fd ff 66 66 66 0f
0x0000022007599390:   1f 84 00 00 00 00 00 66 66 66 90 0f 1f 44 00 00
0x00000220075993a0:   48 8b 53 08 0f b7 52 2c 48 8b 0c d4 58 5b 50 48
0x00000220075993b0:   3b 01 8b 5b 24 48 c1 e3 03 48 8b 5b 10 48 85 db
0x00000220075993c0:   0f 84 10 00 00 00 41 80 bf f8 04 00 00 00 74 03
0x00000220075993d0:   ff 63 38 ff 63 50 e9 25 ab fd ff 0f 1f 44 00 00
0x00000220075993e0:   48 8b 53 08 0f b7 52 2c 48 8b 0c d4 58 5b 50 44
0x00000220075993f0:   8b 51 08 49 bb 00 00 00 00 08 00 00 00 4d 03 d3
0x0000022007599400:   8b 43 18 48 c1 e0 03 48 8b 40 10 48 8b 5b 10 45
0x0000022007599410:   8b 9a a0 00 00 00 4f 8d 9c da b8 01 00 00 4d 8d
0x0000022007599420:   14 da 49 8b 1b 48 3b c3 74 15 48 85 db 0f 84 32
0x0000022007599430:   00 00 00 49 83 c3 10 49 8b 1b 48 3b c3 75 eb 45
0x0000022007599440:   8b 5b 08 4b 8b 1c 1a 48 85 db 0f 84 10 00 00 00
0x0000022007599450:   41 80 bf f8 04 00 00 00 74 03 ff 63 38 ff 63 50
0x0000022007599460:   e9 9b aa fd ff e9 16 f8 ff ff f4 00 00 00 00 00
0x0000022007599470:   00 00 00 00 00 00 00 00 00 00 00 00 00 00 00 00
0x0000022007599480:   00 00 00 00 00 00 00 00 00 00 00 00 00 00 00 00
0x0000022007599490:   00 00 00 00 00 00 00 00 00 00 00 00 00 00 00 00
0x00000220075994a0:   00 00 00 00 00 00 00 00 00 00 00 00 00 00 00 00
0x00000220075994b0:   00 00 00 00 00 00 00 00 00 00 00 00 00 00 00 00
0x00000220075994c0:   00 00 00 00 00 00 00 00 00 00 00 00 00 00 00 00 


Stack slot to memory mapping:
stack at sp + 0 slots: 0x000002200754c11a is at code_begin+3354 in an Interpreter codelet
return entry points  [0x000002200754b400, 0x000002200754d4d0]  8400 bytes
stack at sp + 1 slots: 0x00000084c38fe2e0 is pointing into the stack for thread: 0x000002206ac483b0
stack at sp + 2 slots: 0x00000220113afd2f is pointing into metadata
stack at sp + 3 slots: 0x00000084c38fe348 is pointing into the stack for thread: 0x000002206ac483b0
stack at sp + 4 slots: 0x00000220113b3ae0 is pointing into metadata
stack at sp + 5 slots: 0x0000022011d14660 is pointing into metadata
stack at sp + 6 slots: 0x000000070f655df8 is an oop: java.lang.Class 
{0x000000070f655df8} - klass: 'java/lang/Class'
 - ---- fields (total size 14 words):
 - private volatile transient 'classRedefinedCount' 'I' @12  0
 - abstract internal 'klass' 'J' @16  34359916792 (2b8f8 8)
 - abstract internal 'array_klass' 'J' @24  0 (0 0)
 - abstract internal 'oop_size' 'I' @32  14 (e)
 - abstract internal 'static_oop_field_count' 'I' @36  0
 - private volatile transient 'cachedConstructor' 'Ljava/lang/reflect/Constructor;' @40  NULL (0)
 - private transient 'name' 'Ljava/lang/String;' @44  NULL (0)
 - private transient 'module' 'Ljava/lang/Module;' @48  a 'java/lang/Module'{0x000000070f60b550} (e1ec16aa)
 - private final 'classLoader' 'Ljava/lang/ClassLoader;' @52  NULL (0)
 - private transient 'classData' 'Ljava/lang/Object;' @56  NULL (0)
 - private transient 'packageName' 'Ljava/lang/String;' @60  NULL (0)
 - private final 'componentType' 'Ljava/lang/Class;' @64  NULL (0)
 - private volatile transient 'reflectionData' 'Ljava/lang/ref/SoftReference;' @68  NULL (0)
 - private volatile transient 'genericInfo' 'Lsun/reflect/generics/repository/ClassRepository;' @72  NULL (0)
 - private volatile transient 'enumConstants' '[Ljava/lang/Object;' @76  NULL (0)
 - private volatile transient 'enumConstantDirectory' 'Ljava/util/Map;' @80  NULL (0)
 - private volatile transient 'annotationData' 'Ljava/lang/Class$AnnotationData;' @84  NULL (0)
 - private volatile transient 'annotationType' 'Lsun/reflect/annotation/AnnotationType;' @88  NULL (0)
 - transient 'classValueMap' 'Ljava/lang/ClassValue$ClassValueMap;' @92  NULL (0)
 - abstract internal 'protection_domain' 'Ljava/lang/Object;' @96  NULL (0)
 - abstract internal 'signers_name' 'Ljava/lang/Object;' @100  NULL (0)
 - abstract internal 'source_file' 'Ljava/lang/Object;' @104  NULL (0)
 - signature: Ljava/lang/invoke/DirectMethodHandle$Holder;
 - ---- static fields (0):
stack at sp + 7 slots: {method} {0x00000220113afd48} 'newInvokeSpecial' '(Ljava/lang/Object;)Ljava/lang/Object;' in 'java/lang/invoke/DirectMethodHandle$Holder'

MethodHandle::interpreter_entry::_linkToSpecial [0x000002200759938c, 0x00000220075993db] (79 bytes)
[MachCode]
  0x000002200759938c: 6666 660f | 1f84 0000 | 0000 0066 | 6666 900f | 1f44 0000 | 488b 5308 | 0fb7 522c | 488b 0cd4 
  0x00000220075993ac: 585b 5048 | 3b01 8b5b | 2448 c1e3 | 0348 8b5b | 1048 85db | 0f84 1000 | 0000 4180 | bff8 0400 
  0x00000220075993cc: 0000 7403 | ff63 38ff | 6350 e925 | 
[/MachCode]

---------------  P R O C E S S  ---------------

Threads class SMR info:
_java_thread_list=0x000002207f853de0, length=16, elements={
0x000002206ac483b0, 0x000002207f86c220, 0x000002207f86d450, 0x000002207f879150,
0x000002207f899a90, 0x000002207f856c30, 0x000002207f843510, 0x000002207f847810,
0x000002207f89d990, 0x000002207f849780, 0x000002207fa2e020, 0x000002207fb3fe00,
0x000002207fb57010, 0x000002207fb5a5a0, 0x00000220155a34b0, 0x0000022015721ff0
}

Java Threads: ( => current thread )
=>0x000002206ac483b0 JavaThread "main" [_thread_in_Java, id=49136, stack(0x00000084c3800000,0x00000084c3900000)]
  0x000002207f86c220 JavaThread "Reference Handler" daemon [_thread_blocked, id=48172, stack(0x00000084c3f00000,0x00000084c4000000)]
  0x000002207f86d450 JavaThread "Finalizer" daemon [_thread_blocked, id=43332, stack(0x00000084c4000000,0x00000084c4100000)]
  0x000002207f879150 JavaThread "Signal Dispatcher" daemon [_thread_blocked, id=41384, stack(0x00000084c4100000,0x00000084c4200000)]
  0x000002207f899a90 JavaThread "Attach Listener" daemon [_thread_blocked, id=38100, stack(0x00000084c4200000,0x00000084c4300000)]
  0x000002207f856c30 JavaThread "Service Thread" daemon [_thread_blocked, id=45188, stack(0x00000084c4300000,0x00000084c4400000)]
  0x000002207f843510 JavaThread "Monitor Deflation Thread" daemon [_thread_blocked, id=36124, stack(0x00000084c4400000,0x00000084c4500000)]
  0x000002207f847810 JavaThread "C2 CompilerThread0" daemon [_thread_blocked, id=33448, stack(0x00000084c4500000,0x00000084c4600000)]
  0x000002207f89d990 JavaThread "C1 CompilerThread0" daemon [_thread_blocked, id=42764, stack(0x00000084c4600000,0x00000084c4700000)]
  0x000002207f849780 JavaThread "Sweeper thread" daemon [_thread_blocked, id=48380, stack(0x00000084c4700000,0x00000084c4800000)]
  0x000002207fa2e020 JavaThread "Common-Cleaner" daemon [_thread_blocked, id=36000, stack(0x00000084c4800000,0x00000084c4900000)]
  0x000002207fb3fe00 JavaThread "JDWP Transport Listener: dt_socket" daemon [_thread_blocked, id=46060, stack(0x00000084c4900000,0x00000084c4a00000)]
  0x000002207fb57010 JavaThread "JDWP Event Helper Thread" daemon [_thread_blocked, id=49132, stack(0x00000084c4a00000,0x00000084c4b00000)]
  0x000002207fb5a5a0 JavaThread "JDWP Command Reader" daemon [_thread_in_native, id=41520, stack(0x00000084c4b00000,0x00000084c4c00000)]
  0x00000220155a34b0 JavaThread "Notification Thread" daemon [_thread_blocked, id=43084, stack(0x00000084c4d00000,0x00000084c4e00000)]
  0x0000022015721ff0 JavaThread "ReaderThread" [_thread_in_native, id=8768, stack(0x00000084c4f00000,0x00000084c5000000)]

Other Threads:
  0x000002207f7f0640 VMThread "VM Thread" [stack: 0x00000084c3e00000,0x00000084c3f00000] [id=48956]
  0x0000022015553fc0 WatcherThread "VM Periodic Task Thread" [stack: 0x00000084c4e00000,0x00000084c4f00000] [id=34772]
  0x000002206abee810 WorkerThread "GC Thread#0" [stack: 0x00000084c3900000,0x00000084c3a00000] [id=47348]
  0x0000022015b77e30 WorkerThread "GC Thread#1" [stack: 0x00000084c5000000,0x00000084c5100000] [id=38736]
  0x0000022015b78100 WorkerThread "GC Thread#2" [stack: 0x00000084c5100000,0x00000084c5200000] [id=44416]
  0x0000022015e90930 WorkerThread "GC Thread#3" [stack: 0x00000084c5200000,0x00000084c5300000] [id=6152]
  0x0000022015e90c00 WorkerThread "GC Thread#4" [stack: 0x00000084c5300000,0x00000084c5400000] [id=42680]
  0x000002201596c380 WorkerThread "GC Thread#5" [stack: 0x00000084c5400000,0x00000084c5500000] [id=44848]
  0x0000022015ce7750 WorkerThread "GC Thread#6" [stack: 0x00000084c5500000,0x00000084c5600000] [id=44644]
  0x0000022015ce7a20 WorkerThread "GC Thread#7" [stack: 0x00000084c5600000,0x00000084c5700000] [id=45624]
  0x000002206acc3ed0 ConcurrentGCThread "G1 Main Marker" [stack: 0x00000084c3a00000,0x00000084c3b00000] [id=8048]
  0x000002206acc4810 WorkerThread "G1 Conc#0" [stack: 0x00000084c3b00000,0x00000084c3c00000] [id=29296]
  0x000002206ad0e010 ConcurrentGCThread "G1 Refine#0" [stack: 0x00000084c3c00000,0x00000084c3d00000] [id=47324]
  0x000002206ad0e960 ConcurrentGCThread "G1 Service" [stack: 0x00000084c3d00000,0x00000084c3e00000] [id=28684]

Threads with active compile tasks:

VM state: not at safepoint (normal execution)

VM Mutex/Monitor currently owned by a thread: None

Heap address: 0x0000000700e00000, size: 4082 MB, Compressed Oops mode: Zero based, Oop shift amount: 3

CDS archive(s) not mapped
Compressed class space mapped at: 0x0000000800000000-0x0000000840000000, reserved size: 1073741824
Narrow klass base: 0x0000000800000000, Narrow klass shift: 0, Narrow klass range: 0x40000000

GC Precious Log:
 CardTable entry size: 512
 Card Set container configuration: InlinePtr #cards 4 size 8 Array Of Cards #cards 16 size 48 Howl #buckets 8 coarsen threshold 3686 Howl Bitmap #cards 512 size 80 coarsen threshold 460 Card regions per heap region 1 cards per card region 4096
 CPUs: 8 total, 8 available
 Memory: 16322M
 Large Page Support: Disabled
 NUMA Support: Disabled
 Compressed Oops: Enabled (Zero based)
 Heap Region Size: 2M
 Heap Min Capacity: 8M
 Heap Initial Capacity: 256M
 Heap Max Capacity: 4082M
 Pre-touch: Disabled
 Parallel Workers: 8
 Concurrent Workers: 2
 Concurrent Refinement Workers: 8
 Periodic GC: Disabled

Heap:
 garbage-first heap   total 262144K, used 16895K [0x0000000700e00000, 0x0000000800000000)
  region size 2048K, 10 young (20480K), 2 survivors (4096K)
 Metaspace       used 15788K, committed 16000K, reserved 1114112K
  class space    used 1501K, committed 1600K, reserved 1048576K

Heap Regions: E=young(eden), S=young(survivor), O=old, HS=humongous(starts), HC=humongous(continues), CS=collection set, F=free, OA=open archive, CA=closed archive, TAMS=top-at-mark-start (previous, next)
|   0|0x0000000700e00000, 0x0000000700e00000, 0x0000000701000000|  0%| F|  |TAMS 0x0000000700e00000, 0x0000000700e00000| Untracked 
|   1|0x0000000701000000, 0x0000000701000000, 0x0000000701200000|  0%| F|  |TAMS 0x0000000701000000, 0x0000000701000000| Untracked 
|   2|0x0000000701200000, 0x0000000701200000, 0x0000000701400000|  0%| F|  |TAMS 0x0000000701200000, 0x0000000701200000| Untracked 
|   3|0x0000000701400000, 0x0000000701400000, 0x0000000701600000|  0%| F|  |TAMS 0x0000000701400000, 0x0000000701400000| Untracked 
|   4|0x0000000701600000, 0x0000000701600000, 0x0000000701800000|  0%| F|  |TAMS 0x0000000701600000, 0x0000000701600000| Untracked 
|   5|0x0000000701800000, 0x0000000701800000, 0x0000000701a00000|  0%| F|  |TAMS 0x0000000701800000, 0x0000000701800000| Untracked 
|   6|0x0000000701a00000, 0x0000000701a00000, 0x0000000701c00000|  0%| F|  |TAMS 0x0000000701a00000, 0x0000000701a00000| Untracked 
|   7|0x0000000701c00000, 0x0000000701c00000, 0x0000000701e00000|  0%| F|  |TAMS 0x0000000701c00000, 0x0000000701c00000| Untracked 
|   8|0x0000000701e00000, 0x0000000701e00000, 0x0000000702000000|  0%| F|  |TAMS 0x0000000701e00000, 0x0000000701e00000| Untracked 
|   9|0x0000000702000000, 0x0000000702000000, 0x0000000702200000|  0%| F|  |TAMS 0x0000000702000000, 0x0000000702000000| Untracked 
|  10|0x0000000702200000, 0x0000000702200000, 0x0000000702400000|  0%| F|  |TAMS 0x0000000702200000, 0x0000000702200000| Untracked 
|  11|0x0000000702400000, 0x0000000702400000, 0x0000000702600000|  0%| F|  |TAMS 0x0000000702400000, 0x0000000702400000| Untracked 
|  12|0x0000000702600000, 0x0000000702600000, 0x0000000702800000|  0%| F|  |TAMS 0x0000000702600000, 0x0000000702600000| Untracked 
|  13|0x0000000702800000, 0x0000000702800000, 0x0000000702a00000|  0%| F|  |TAMS 0x0000000702800000, 0x0000000702800000| Untracked 
|  14|0x0000000702a00000, 0x0000000702a00000, 0x0000000702c00000|  0%| F|  |TAMS 0x0000000702a00000, 0x0000000702a00000| Untracked 
|  15|0x0000000702c00000, 0x0000000702c00000, 0x0000000702e00000|  0%| F|  |TAMS 0x0000000702c00000, 0x0000000702c00000| Untracked 
|  16|0x0000000702e00000, 0x0000000702e00000, 0x0000000703000000|  0%| F|  |TAMS 0x0000000702e00000, 0x0000000702e00000| Untracked 
|  17|0x0000000703000000, 0x0000000703000000, 0x0000000703200000|  0%| F|  |TAMS 0x0000000703000000, 0x0000000703000000| Untracked 
|  18|0x0000000703200000, 0x0000000703200000, 0x0000000703400000|  0%| F|  |TAMS 0x0000000703200000, 0x0000000703200000| Untracked 
|  19|0x0000000703400000, 0x0000000703400000, 0x0000000703600000|  0%| F|  |TAMS 0x0000000703400000, 0x0000000703400000| Untracked 
|  20|0x0000000703600000, 0x0000000703600000, 0x0000000703800000|  0%| F|  |TAMS 0x0000000703600000, 0x0000000703600000| Untracked 
|  21|0x0000000703800000, 0x0000000703800000, 0x0000000703a00000|  0%| F|  |TAMS 0x0000000703800000, 0x0000000703800000| Untracked 
|  22|0x0000000703a00000, 0x0000000703a00000, 0x0000000703c00000|  0%| F|  |TAMS 0x0000000703a00000, 0x0000000703a00000| Untracked 
|  23|0x0000000703c00000, 0x0000000703c00000, 0x0000000703e00000|  0%| F|  |TAMS 0x0000000703c00000, 0x0000000703c00000| Untracked 
|  24|0x0000000703e00000, 0x0000000703e00000, 0x0000000704000000|  0%| F|  |TAMS 0x0000000703e00000, 0x0000000703e00000| Untracked 
|  25|0x0000000704000000, 0x0000000704000000, 0x0000000704200000|  0%| F|  |TAMS 0x0000000704000000, 0x0000000704000000| Untracked 
|  26|0x0000000704200000, 0x0000000704200000, 0x0000000704400000|  0%| F|  |TAMS 0x0000000704200000, 0x0000000704200000| Untracked 
|  27|0x0000000704400000, 0x0000000704400000, 0x0000000704600000|  0%| F|  |TAMS 0x0000000704400000, 0x0000000704400000| Untracked 
|  28|0x0000000704600000, 0x0000000704600000, 0x0000000704800000|  0%| F|  |TAMS 0x0000000704600000, 0x0000000704600000| Untracked 
|  29|0x0000000704800000, 0x0000000704800000, 0x0000000704a00000|  0%| F|  |TAMS 0x0000000704800000, 0x0000000704800000| Untracked 
|  30|0x0000000704a00000, 0x0000000704a00000, 0x0000000704c00000|  0%| F|  |TAMS 0x0000000704a00000, 0x0000000704a00000| Untracked 
|  31|0x0000000704c00000, 0x0000000704c00000, 0x0000000704e00000|  0%| F|  |TAMS 0x0000000704c00000, 0x0000000704c00000| Untracked 
|  32|0x0000000704e00000, 0x0000000704e00000, 0x0000000705000000|  0%| F|  |TAMS 0x0000000704e00000, 0x0000000704e00000| Untracked 
|  33|0x0000000705000000, 0x0000000705000000, 0x0000000705200000|  0%| F|  |TAMS 0x0000000705000000, 0x0000000705000000| Untracked 
|  34|0x0000000705200000, 0x0000000705200000, 0x0000000705400000|  0%| F|  |TAMS 0x0000000705200000, 0x0000000705200000| Untracked 
|  35|0x0000000705400000, 0x0000000705400000, 0x0000000705600000|  0%| F|  |TAMS 0x0000000705400000, 0x0000000705400000| Untracked 
|  36|0x0000000705600000, 0x0000000705600000, 0x0000000705800000|  0%| F|  |TAMS 0x0000000705600000, 0x0000000705600000| Untracked 
|  37|0x0000000705800000, 0x0000000705800000, 0x0000000705a00000|  0%| F|  |TAMS 0x0000000705800000, 0x0000000705800000| Untracked 
|  38|0x0000000705a00000, 0x0000000705a00000, 0x0000000705c00000|  0%| F|  |TAMS 0x0000000705a00000, 0x0000000705a00000| Untracked 
|  39|0x0000000705c00000, 0x0000000705c00000, 0x0000000705e00000|  0%| F|  |TAMS 0x0000000705c00000, 0x0000000705c00000| Untracked 
|  40|0x0000000705e00000, 0x0000000705e00000, 0x0000000706000000|  0%| F|  |TAMS 0x0000000705e00000, 0x0000000705e00000| Untracked 
|  41|0x0000000706000000, 0x0000000706000000, 0x0000000706200000|  0%| F|  |TAMS 0x0000000706000000, 0x0000000706000000| Untracked 
|  42|0x0000000706200000, 0x0000000706200000, 0x0000000706400000|  0%| F|  |TAMS 0x0000000706200000, 0x0000000706200000| Untracked 
|  43|0x0000000706400000, 0x0000000706400000, 0x0000000706600000|  0%| F|  |TAMS 0x0000000706400000, 0x0000000706400000| Untracked 
|  44|0x0000000706600000, 0x0000000706600000, 0x0000000706800000|  0%| F|  |TAMS 0x0000000706600000, 0x0000000706600000| Untracked 
|  45|0x0000000706800000, 0x0000000706800000, 0x0000000706a00000|  0%| F|  |TAMS 0x0000000706800000, 0x0000000706800000| Untracked 
|  46|0x0000000706a00000, 0x0000000706a00000, 0x0000000706c00000|  0%| F|  |TAMS 0x0000000706a00000, 0x0000000706a00000| Untracked 
|  47|0x0000000706c00000, 0x0000000706c00000, 0x0000000706e00000|  0%| F|  |TAMS 0x0000000706c00000, 0x0000000706c00000| Untracked 
|  48|0x0000000706e00000, 0x0000000706e00000, 0x0000000707000000|  0%| F|  |TAMS 0x0000000706e00000, 0x0000000706e00000| Untracked 
|  49|0x0000000707000000, 0x0000000707000000, 0x0000000707200000|  0%| F|  |TAMS 0x0000000707000000, 0x0000000707000000| Untracked 
|  50|0x0000000707200000, 0x0000000707200000, 0x0000000707400000|  0%| F|  |TAMS 0x0000000707200000, 0x0000000707200000| Untracked 
|  51|0x0000000707400000, 0x0000000707400000, 0x0000000707600000|  0%| F|  |TAMS 0x0000000707400000, 0x0000000707400000| Untracked 
|  52|0x0000000707600000, 0x0000000707600000, 0x0000000707800000|  0%| F|  |TAMS 0x0000000707600000, 0x0000000707600000| Untracked 
|  53|0x0000000707800000, 0x0000000707800000, 0x0000000707a00000|  0%| F|  |TAMS 0x0000000707800000, 0x0000000707800000| Untracked 
|  54|0x0000000707a00000, 0x0000000707a00000, 0x0000000707c00000|  0%| F|  |TAMS 0x0000000707a00000, 0x0000000707a00000| Untracked 
|  55|0x0000000707c00000, 0x0000000707c00000, 0x0000000707e00000|  0%| F|  |TAMS 0x0000000707c00000, 0x0000000707c00000| Untracked 
|  56|0x0000000707e00000, 0x0000000707e00000, 0x0000000708000000|  0%| F|  |TAMS 0x0000000707e00000, 0x0000000707e00000| Untracked 
|  57|0x0000000708000000, 0x0000000708000000, 0x0000000708200000|  0%| F|  |TAMS 0x0000000708000000, 0x0000000708000000| Untracked 
|  58|0x0000000708200000, 0x0000000708200000, 0x0000000708400000|  0%| F|  |TAMS 0x0000000708200000, 0x0000000708200000| Untracked 
|  59|0x0000000708400000, 0x0000000708400000, 0x0000000708600000|  0%| F|  |TAMS 0x0000000708400000, 0x0000000708400000| Untracked 
|  60|0x0000000708600000, 0x0000000708600000, 0x0000000708800000|  0%| F|  |TAMS 0x0000000708600000, 0x0000000708600000| Untracked 
|  61|0x0000000708800000, 0x0000000708800000, 0x0000000708a00000|  0%| F|  |TAMS 0x0000000708800000, 0x0000000708800000| Untracked 
|  62|0x0000000708a00000, 0x0000000708a00000, 0x0000000708c00000|  0%| F|  |TAMS 0x0000000708a00000, 0x0000000708a00000| Untracked 
|  63|0x0000000708c00000, 0x0000000708c00000, 0x0000000708e00000|  0%| F|  |TAMS 0x0000000708c00000, 0x0000000708c00000| Untracked 
|  64|0x0000000708e00000, 0x0000000708e00000, 0x0000000709000000|  0%| F|  |TAMS 0x0000000708e00000, 0x0000000708e00000| Untracked 
|  65|0x0000000709000000, 0x0000000709000000, 0x0000000709200000|  0%| F|  |TAMS 0x0000000709000000, 0x0000000709000000| Untracked 
|  66|0x0000000709200000, 0x0000000709200000, 0x0000000709400000|  0%| F|  |TAMS 0x0000000709200000, 0x0000000709200000| Untracked 
|  67|0x0000000709400000, 0x0000000709400000, 0x0000000709600000|  0%| F|  |TAMS 0x0000000709400000, 0x0000000709400000| Untracked 
|  68|0x0000000709600000, 0x0000000709600000, 0x0000000709800000|  0%| F|  |TAMS 0x0000000709600000, 0x0000000709600000| Untracked 
|  69|0x0000000709800000, 0x0000000709800000, 0x0000000709a00000|  0%| F|  |TAMS 0x0000000709800000, 0x0000000709800000| Untracked 
|  70|0x0000000709a00000, 0x0000000709a00000, 0x0000000709c00000|  0%| F|  |TAMS 0x0000000709a00000, 0x0000000709a00000| Untracked 
|  71|0x0000000709c00000, 0x0000000709c00000, 0x0000000709e00000|  0%| F|  |TAMS 0x0000000709c00000, 0x0000000709c00000| Untracked 
|  72|0x0000000709e00000, 0x0000000709e00000, 0x000000070a000000|  0%| F|  |TAMS 0x0000000709e00000, 0x0000000709e00000| Untracked 
|  73|0x000000070a000000, 0x000000070a000000, 0x000000070a200000|  0%| F|  |TAMS 0x000000070a000000, 0x000000070a000000| Untracked 
|  74|0x000000070a200000, 0x000000070a200000, 0x000000070a400000|  0%| F|  |TAMS 0x000000070a200000, 0x000000070a200000| Untracked 
|  75|0x000000070a400000, 0x000000070a400000, 0x000000070a600000|  0%| F|  |TAMS 0x000000070a400000, 0x000000070a400000| Untracked 
|  76|0x000000070a600000, 0x000000070a600000, 0x000000070a800000|  0%| F|  |TAMS 0x000000070a600000, 0x000000070a600000| Untracked 
|  77|0x000000070a800000, 0x000000070a800000, 0x000000070aa00000|  0%| F|  |TAMS 0x000000070a800000, 0x000000070a800000| Untracked 
|  78|0x000000070aa00000, 0x000000070aa00000, 0x000000070ac00000|  0%| F|  |TAMS 0x000000070aa00000, 0x000000070aa00000| Untracked 
|  79|0x000000070ac00000, 0x000000070ac00000, 0x000000070ae00000|  0%| F|  |TAMS 0x000000070ac00000, 0x000000070ac00000| Untracked 
|  80|0x000000070ae00000, 0x000000070ae00000, 0x000000070b000000|  0%| F|  |TAMS 0x000000070ae00000, 0x000000070ae00000| Untracked 
|  81|0x000000070b000000, 0x000000070b000000, 0x000000070b200000|  0%| F|  |TAMS 0x000000070b000000, 0x000000070b000000| Untracked 
|  82|0x000000070b200000, 0x000000070b200000, 0x000000070b400000|  0%| F|  |TAMS 0x000000070b200000, 0x000000070b200000| Untracked 
|  83|0x000000070b400000, 0x000000070b400000, 0x000000070b600000|  0%| F|  |TAMS 0x000000070b400000, 0x000000070b400000| Untracked 
|  84|0x000000070b600000, 0x000000070b600000, 0x000000070b800000|  0%| F|  |TAMS 0x000000070b600000, 0x000000070b600000| Untracked 
|  85|0x000000070b800000, 0x000000070b800000, 0x000000070ba00000|  0%| F|  |TAMS 0x000000070b800000, 0x000000070b800000| Untracked 
|  86|0x000000070ba00000, 0x000000070ba00000, 0x000000070bc00000|  0%| F|  |TAMS 0x000000070ba00000, 0x000000070ba00000| Untracked 
|  87|0x000000070bc00000, 0x000000070bc00000, 0x000000070be00000|  0%| F|  |TAMS 0x000000070bc00000, 0x000000070bc00000| Untracked 
|  88|0x000000070be00000, 0x000000070be00000, 0x000000070c000000|  0%| F|  |TAMS 0x000000070be00000, 0x000000070be00000| Untracked 
|  89|0x000000070c000000, 0x000000070c000000, 0x000000070c200000|  0%| F|  |TAMS 0x000000070c000000, 0x000000070c000000| Untracked 
|  90|0x000000070c200000, 0x000000070c200000, 0x000000070c400000|  0%| F|  |TAMS 0x000000070c200000, 0x000000070c200000| Untracked 
|  91|0x000000070c400000, 0x000000070c400000, 0x000000070c600000|  0%| F|  |TAMS 0x000000070c400000, 0x000000070c400000| Untracked 
|  92|0x000000070c600000, 0x000000070c600000, 0x000000070c800000|  0%| F|  |TAMS 0x000000070c600000, 0x000000070c600000| Untracked 
|  93|0x000000070c800000, 0x000000070c800000, 0x000000070ca00000|  0%| F|  |TAMS 0x000000070c800000, 0x000000070c800000| Untracked 
|  94|0x000000070ca00000, 0x000000070ca00000, 0x000000070cc00000|  0%| F|  |TAMS 0x000000070ca00000, 0x000000070ca00000| Untracked 
|  95|0x000000070cc00000, 0x000000070cc00000, 0x000000070ce00000|  0%| F|  |TAMS 0x000000070cc00000, 0x000000070cc00000| Untracked 
|  96|0x000000070ce00000, 0x000000070ce00000, 0x000000070d000000|  0%| F|  |TAMS 0x000000070ce00000, 0x000000070ce00000| Untracked 
|  97|0x000000070d000000, 0x000000070d000000, 0x000000070d200000|  0%| F|  |TAMS 0x000000070d000000, 0x000000070d000000| Untracked 
|  98|0x000000070d200000, 0x000000070d200000, 0x000000070d400000|  0%| F|  |TAMS 0x000000070d200000, 0x000000070d200000| Untracked 
|  99|0x000000070d400000, 0x000000070d400000, 0x000000070d600000|  0%| F|  |TAMS 0x000000070d400000, 0x000000070d400000| Untracked 
| 100|0x000000070d600000, 0x000000070d600000, 0x000000070d800000|  0%| F|  |TAMS 0x000000070d600000, 0x000000070d600000| Untracked 
| 101|0x000000070d800000, 0x000000070d800000, 0x000000070da00000|  0%| F|  |TAMS 0x000000070d800000, 0x000000070d800000| Untracked 
| 102|0x000000070da00000, 0x000000070da00000, 0x000000070dc00000|  0%| F|  |TAMS 0x000000070da00000, 0x000000070da00000| Untracked 
| 103|0x000000070dc00000, 0x000000070dc00000, 0x000000070de00000|  0%| F|  |TAMS 0x000000070dc00000, 0x000000070dc00000| Untracked 
| 104|0x000000070de00000, 0x000000070de00000, 0x000000070e000000|  0%| F|  |TAMS 0x000000070de00000, 0x000000070de00000| Untracked 
| 105|0x000000070e000000, 0x000000070e000000, 0x000000070e200000|  0%| F|  |TAMS 0x000000070e000000, 0x000000070e000000| Untracked 
| 106|0x000000070e200000, 0x000000070e200000, 0x000000070e400000|  0%| F|  |TAMS 0x000000070e200000, 0x000000070e200000| Untracked 
| 107|0x000000070e400000, 0x000000070e400000, 0x000000070e600000|  0%| F|  |TAMS 0x000000070e400000, 0x000000070e400000| Untracked 
| 108|0x000000070e600000, 0x000000070e600000, 0x000000070e800000|  0%| F|  |TAMS 0x000000070e600000, 0x000000070e600000| Untracked 
| 109|0x000000070e800000, 0x000000070e800000, 0x000000070ea00000|  0%| F|  |TAMS 0x000000070e800000, 0x000000070e800000| Untracked 
| 110|0x000000070ea00000, 0x000000070ea00000, 0x000000070ec00000|  0%| F|  |TAMS 0x000000070ea00000, 0x000000070ea00000| Untracked 
| 111|0x000000070ec00000, 0x000000070ec00000, 0x000000070ee00000|  0%| F|  |TAMS 0x000000070ec00000, 0x000000070ec00000| Untracked 
| 112|0x000000070ee00000, 0x000000070ee00000, 0x000000070f000000|  0%| F|  |TAMS 0x000000070ee00000, 0x000000070ee00000| Untracked 
| 113|0x000000070f000000, 0x000000070f000000, 0x000000070f200000|  0%| F|  |TAMS 0x000000070f000000, 0x000000070f000000| Untracked 
| 114|0x000000070f200000, 0x000000070f200000, 0x000000070f400000|  0%| F|  |TAMS 0x000000070f200000, 0x000000070f200000| Untracked 
| 115|0x000000070f400000, 0x000000070f47ffe0, 0x000000070f600000| 24%| S|CS|TAMS 0x000000070f400000, 0x000000070f400000| Complete 
| 116|0x000000070f600000, 0x000000070f800000, 0x000000070f800000|100%| S|CS|TAMS 0x000000070f600000, 0x000000070f600000| Complete 
| 117|0x000000070f800000, 0x000000070f800000, 0x000000070fa00000|  0%| F|  |TAMS 0x000000070f800000, 0x000000070f800000| Untracked 
| 118|0x000000070fa00000, 0x000000070fa00000, 0x000000070fc00000|  0%| F|  |TAMS 0x000000070fa00000, 0x000000070fa00000| Untracked 
| 119|0x000000070fc00000, 0x000000070fc00000, 0x000000070fe00000|  0%| F|  |TAMS 0x000000070fc00000, 0x000000070fc00000| Untracked 
| 120|0x000000070fe00000, 0x000000070fedc8e0, 0x0000000710000000| 43%| E|  |TAMS 0x000000070fe00000, 0x000000070fe00000| Complete 
| 121|0x0000000710000000, 0x0000000710200000, 0x0000000710200000|100%| E|CS|TAMS 0x0000000710000000, 0x0000000710000000| Complete 
| 122|0x0000000710200000, 0x0000000710400000, 0x0000000710400000|100%| E|CS|TAMS 0x0000000710200000, 0x0000000710200000| Complete 
| 123|0x0000000710400000, 0x0000000710600000, 0x0000000710600000|100%| E|CS|TAMS 0x0000000710400000, 0x0000000710400000| Complete 
| 124|0x0000000710600000, 0x0000000710800000, 0x0000000710800000|100%| E|CS|TAMS 0x0000000710600000, 0x0000000710600000| Complete 
| 125|0x0000000710800000, 0x0000000710a00000, 0x0000000710a00000|100%| E|CS|TAMS 0x0000000710800000, 0x0000000710800000| Complete 
| 126|0x0000000710a00000, 0x0000000710c00000, 0x0000000710c00000|100%| E|CS|TAMS 0x0000000710a00000, 0x0000000710a00000| Complete 
| 127|0x0000000710c00000, 0x0000000710e00000, 0x0000000710e00000|100%| E|CS|TAMS 0x0000000710c00000, 0x0000000710c00000| Complete 

Card table byte_map: [0x0000022075d40000,0x0000022076540000] _byte_map_base: 0x0000022072539000

Marking Bits (Prev, Next): (CMBitMap*) 0x000002206acb2ef0, (CMBitMap*) 0x000002206acb2f30
 Prev Bits: [0x0000022076d40000, 0x000002207ad08000)
 Next Bits: [0x000002207ad10000, 0x000002207ecd8000)

Polling page: 0x000002206ad10000

Metaspace:

Usage:
  Non-class:     13.95 MB used.
      Class:      1.47 MB used.
       Both:     15.42 MB used.

Virtual space:
  Non-class space:       64.00 MB reserved,      14.06 MB ( 22%) committed,  1 nodes.
      Class space:        1.00 GB reserved,       1.56 MB ( <1%) committed,  1 nodes.
             Both:        1.06 GB reserved,      15.62 MB (  1%) committed. 

Chunk freelists:
   Non-Class:  1.90 MB
       Class:  2.41 MB
        Both:  4.32 MB

MaxMetaspaceSize: unlimited
CompressedClassSpaceSize: 1.00 GB
Initial GC threshold: 21.00 MB
Current GC threshold: 21.00 MB
CDS: off
MetaspaceReclaimPolicy: balanced
 - commit_granule_bytes: 65536.
 - commit_granule_words: 8192.
 - virtual_space_node_default_size: 8388608.
 - enlarge_chunks_in_place: 1.
 - new_chunks_are_fully_committed: 0.
 - uncommit_free_chunks: 1.
 - use_allocation_guard: 0.


Internal statistics:

num_allocs_failed_limit: 0.
num_arena_births: 100.
num_arena_deaths: 0.
num_vsnodes_births: 2.
num_vsnodes_deaths: 0.
num_space_committed: 250.
num_space_uncommitted: 0.
num_chunks_returned_to_freelist: 0.
num_chunks_taken_from_freelist: 310.
num_chunk_merges: 0.
num_chunk_splits: 157.
num_chunks_enlarged: 103.
num_inconsistent_stats: 0.

CodeHeap 'non-profiled nmethods': size=120000Kb used=491Kb max_used=491Kb free=119508Kb
 bounds [0x0000022007ad0000, 0x0000022007d40000, 0x000002200f000000]
CodeHeap 'profiled nmethods': size=120000Kb used=2728Kb max_used=2728Kb free=117271Kb
 bounds [0x0000022000000000, 0x00000220002b0000, 0x0000022007530000]
CodeHeap 'non-nmethods': size=5760Kb used=1322Kb max_used=1348Kb free=4437Kb
 bounds [0x0000022007530000, 0x00000220077a0000, 0x0000022007ad0000]
 total_blobs=1842 nmethods=1371 adapters=382
 compilation: enabled
              stopped_count=0, restarted_count=0
 full_count=0

Compilation events (20 events):
Event: 0.789 Thread 0x000002207f89d990 nmethod 1364 0x00000220002a3e10 code [0x00000220002a3fe0, 0x00000220002a4528]
Event: 0.789 Thread 0x000002207f89d990 1365       3       java.lang.PublicMethods$Key::matches (31 bytes)
Event: 0.789 Thread 0x000002207f89d990 nmethod 1365 0x00000220002a4710 code [0x00000220002a48e0, 0x00000220002a4bf8]
Event: 0.789 Thread 0x000002207f89d990 1360       3       java.lang.reflect.ReflectAccess::getExecutableSharedParameterTypes (5 bytes)
Event: 0.789 Thread 0x000002207f89d990 nmethod 1360 0x00000220002a4d90 code [0x00000220002a4f40, 0x00000220002a5128]
Event: 0.789 Thread 0x000002207f89d990 1362       3       java.lang.reflect.ProxyGenerator::dotToSlash (9 bytes)
Event: 0.789 Thread 0x000002207f89d990 nmethod 1362 0x00000220002a5210 code [0x00000220002a53c0, 0x00000220002a5508]
Event: 0.792 Thread 0x000002207f89d990 1366       3       java.security.MessageDigest::isEqual (100 bytes)
Event: 0.792 Thread 0x000002207f89d990 nmethod 1366 0x00000220002a5610 code [0x00000220002a57e0, 0x00000220002a5bf8]
Event: 0.792 Thread 0x00000220154e0890 1367       4       java.lang.StringLatin1::toUpperCase (186 bytes)
Event: 0.793 Thread 0x000002207f89d990 1368       3       java.lang.invoke.MethodHandles$Lookup::findBoundCallerLookup (30 bytes)
Event: 0.794 Thread 0x000002207f89d990 nmethod 1368 0x00000220002a5d90 code [0x00000220002a5fc0, 0x00000220002a6778]
Event: 0.794 Thread 0x000002207f89d990 1369       3       java.lang.invoke.MethodHandles$Lookup::getDirectMethodCommon (280 bytes)
Event: 0.795 Thread 0x000002207f89d990 nmethod 1369 0x00000220002a6a10 code [0x00000220002a6d40, 0x00000220002a7e18]
Event: 0.795 Thread 0x000002207f89d990 1370       3       java.lang.invoke.MethodHandles$Lookup::maybeBindCaller (72 bytes)
Event: 0.795 Thread 0x000002207f89d990 nmethod 1370 0x00000220002a8510 code [0x00000220002a8760, 0x00000220002a9048]
Event: 0.796 Thread 0x000002207f89d990 1371       3       java.util.jar.Manifest::getTrustedAttributes (57 bytes)
Event: 0.797 Thread 0x000002207f89d990 nmethod 1371 0x00000220002a9390 code [0x00000220002a9600, 0x00000220002a9f28]
Event: 0.798 Thread 0x000002207f847810 nmethod 1344 0x0000022007b47590 code [0x0000022007b477c0, 0x0000022007b493c0]
Event: 0.802 Thread 0x00000220154e0890 nmethod 1367 0x0000022007b49c90 code [0x0000022007b49e60, 0x0000022007b4a898]

GC Heap History (2 events):
Event: 0.615 GC heap before
{Heap before GC invocations=0 (full 0):
 garbage-first heap   total 262144K, used 22528K [0x0000000700e00000, 0x0000000800000000)
  region size 2048K, 11 young (22528K), 0 survivors (0K)
 Metaspace       used 13313K, committed 13440K, reserved 1114112K
  class space    used 1178K, committed 1216K, reserved 1048576K
}
Event: 0.618 GC heap after
{Heap after GC invocations=1 (full 0):
 garbage-first heap   total 262144K, used 2559K [0x0000000700e00000, 0x0000000800000000)
  region size 2048K, 2 young (4096K), 2 survivors (4096K)
 Metaspace       used 13313K, committed 13440K, reserved 1114112K
  class space    used 1178K, committed 1216K, reserved 1048576K
}

Dll operation events (8 events):
Event: 0.009 Loaded shared library C:\devel\jdk-19-JavaFX\bin\java.dll
Event: 0.210 Loaded shared library C:\devel\jdk-19-JavaFX\bin\zip.dll
Event: 0.212 Loaded shared library C:\devel\jdk-19-JavaFX\bin\instrument.dll
Event: 0.220 Loaded shared library C:\devel\jdk-19-JavaFX\bin\net.dll
Event: 0.221 Loaded shared library C:\devel\jdk-19-JavaFX\bin\nio.dll
Event: 0.225 Loaded shared library C:\devel\jdk-19-JavaFX\bin\zip.dll
Event: 0.301 Loaded shared library C:\devel\jdk-19-JavaFX\bin\jimage.dll
Event: 0.337 Loaded shared library C:\devel\jdk-19-JavaFX\bin\verify.dll

Deoptimization events (20 events):
Event: 0.455 Thread 0x000002206ac483b0 DEOPT PACKING pc=0x00000220000f4bf9 sp=0x00000084c38fd390
Event: 0.455 Thread 0x000002206ac483b0 DEOPT UNPACKING pc=0x0000022007597543 sp=0x00000084c38fc7f0 mode 0
Event: 0.510 Thread 0x000002206ac483b0 DEOPT PACKING pc=0x00000220000f4bf9 sp=0x00000084c38fdcb0
Event: 0.510 Thread 0x000002206ac483b0 DEOPT UNPACKING pc=0x0000022007597543 sp=0x00000084c38fd110 mode 0
Event: 0.521 Thread 0x000002206ac483b0 DEOPT PACKING pc=0x00000220000f4bf9 sp=0x00000084c38fa410
Event: 0.521 Thread 0x000002206ac483b0 DEOPT UNPACKING pc=0x0000022007597543 sp=0x00000084c38f9870 mode 0
Event: 0.584 Thread 0x000002206ac483b0 DEOPT PACKING pc=0x0000022000047399 sp=0x00000084c38fc660
Event: 0.584 Thread 0x000002206ac483b0 DEOPT UNPACKING pc=0x0000022007597543 sp=0x00000084c38fbb68 mode 0
Event: 0.601 Thread 0x000002206ac483b0 Uncommon trap: trap_request=0xffffff45 fr.pc=0x0000022007b1321c relative=0x00000000000000fc
Event: 0.601 Thread 0x000002206ac483b0 Uncommon trap: reason=unstable_if action=reinterpret pc=0x0000022007b1321c method=org.eclipse.jdt.launching.internal.org.objectweb.asm.ByteVector.putShort(I)Lorg/eclipse/jdt/launching/internal/org/objectweb/asm/ByteVector; @ 13 c2
Event: 0.601 Thread 0x000002206ac483b0 DEOPT PACKING pc=0x0000022007b1321c sp=0x00000084c38fbfc0
Event: 0.601 Thread 0x000002206ac483b0 DEOPT UNPACKING pc=0x0000022007596da3 sp=0x00000084c38fbf58 mode 2
Event: 0.655 Thread 0x000002206ac483b0 DEOPT PACKING pc=0x00000220000af051 sp=0x00000084c38fbbd0
Event: 0.655 Thread 0x000002206ac483b0 DEOPT UNPACKING pc=0x0000022007597543 sp=0x00000084c38fb0e8 mode 0
Event: 0.684 Thread 0x000002206ac483b0 DEOPT PACKING pc=0x00000220001682f3 sp=0x00000084c38fc340
Event: 0.684 Thread 0x000002206ac483b0 DEOPT UNPACKING pc=0x0000022007597543 sp=0x00000084c38fb858 mode 0
Event: 0.729 Thread 0x000002206ac483b0 DEOPT PACKING pc=0x0000022000041bc7 sp=0x00000084c38fe230
Event: 0.729 Thread 0x000002206ac483b0 DEOPT UNPACKING pc=0x0000022007597543 sp=0x00000084c38fd738 mode 0
Event: 71.399 Thread 0x000002206ac483b0 DEOPT PACKING pc=0x0000022000255b94 sp=0x00000084c38fe2e0
Event: 71.399 Thread 0x000002206ac483b0 DEOPT UNPACKING pc=0x0000022007597543 sp=0x00000084c38fd798 mode 0

Classes loaded (20 events):
Event: 0.777 Loading class java/lang/ThreadLocal$SuppliedThreadLocal
Event: 0.777 Loading class java/lang/ThreadLocal$SuppliedThreadLocal done
Event: 0.778 Loading class java/util/stream/Streams$ConcatSpliterator$OfRef
Event: 0.778 Loading class java/util/stream/Streams$ConcatSpliterator
Event: 0.778 Loading class java/util/stream/Streams$ConcatSpliterator done
Event: 0.778 Loading class java/util/stream/Streams$ConcatSpliterator$OfRef done
Event: 0.778 Loading class java/util/stream/Streams$2
Event: 0.778 Loading class java/util/stream/Streams$2 done
Event: 0.787 Loading class jdk/internal/foreign/MemorySessionImpl
Event: 0.787 Loading class java/lang/foreign/MemorySession
Event: 0.787 Loading class java/lang/foreign/SegmentAllocator
Event: 0.788 Loading class java/lang/foreign/SegmentAllocator done
Event: 0.788 Loading class java/lang/foreign/MemorySession done
Event: 0.788 Loading class jdk/internal/foreign/MemorySessionImpl done
Event: 0.795 Loading class sun/nio/ch/IOStatus
Event: 0.795 Loading class sun/nio/ch/IOStatus done
Event: 0.796 Loading class java/lang/reflect/InvocationTargetException
Event: 0.797 Loading class java/lang/reflect/InvocationTargetException done
Event: 0.797 Loading class java/lang/invoke/WrongMethodTypeException
Event: 0.797 Loading class java/lang/invoke/WrongMethodTypeException done

Classes unloaded (0 events):
No events

Classes redefined (1 events):
Event: 71.403 Thread 0x000002207f7f0640 redefined class name=kerho.test.KierrosTest, count=1

Internal exceptions (20 events):
Event: 0.571 Thread 0x000002206ac483b0 Exception <a 'java/lang/NoSuchMethodError'{0x000000070fae36c0}: 'java.lang.Object java.lang.invoke.DirectMethodHandle$Holder.newInvokeSpecial(java.lang.Object, java.lang.Object, java.lang.Object, java.lang.Object, java.lang.Object)'> (0x000000070fae36c0) 
thrown [s\open\src\hotspot\share\interpreter\linkResolver.cpp, line 774]
Event: 0.597 Thread 0x000002206ac483b0 Exception <a 'java/lang/NoSuchMethodError'{0x000000070f87d820}: 'void java.lang.invoke.DirectMethodHandle$Holder.invokeInterface(java.lang.Object, java.lang.Object, java.lang.Object)'> (0x000000070f87d820) 
thrown [s\open\src\hotspot\share\interpreter\linkResolver.cpp, line 774]
Event: 0.597 Thread 0x000002206ac483b0 Exception <a 'java/lang/IncompatibleClassChangeError'{0x000000070f880e98}: Found class java.lang.Object, but interface was expected> (0x000000070f880e98) 
thrown [s\open\src\hotspot\share\interpreter\linkResolver.cpp, line 841]
Event: 0.606 Thread 0x000002206ac483b0 Exception <a 'java/lang/NoSuchMethodError'{0x000000070f961e98}: 'java.lang.Object java.lang.invoke.DirectMethodHandle$Holder.invokeStatic(java.lang.Object, java.lang.Object, int)'> (0x000000070f961e98) 
thrown [s\open\src\hotspot\share\interpreter\linkResolver.cpp, line 774]
Event: 0.624 Thread 0x000002206ac483b0 Exception <a 'java/lang/NoSuchMethodError'{0x0000000710ccc0b0}: 'java.lang.Object java.lang.invoke.DirectMethodHandle$Holder.invokeStaticInit(java.lang.Object)'> (0x0000000710ccc0b0) 
thrown [s\open\src\hotspot\share\interpreter\linkResolver.cpp, line 774]
Event: 0.663 Thread 0x000002206ac483b0 Exception <a 'java/lang/NoSuchMethodError'{0x000000071085bb98}: 'java.lang.Object java.lang.invoke.DirectMethodHandle$Holder.invokeInterface(java.lang.Object, java.lang.Object)'> (0x000000071085bb98) 
thrown [s\open\src\hotspot\share\interpreter\linkResolver.cpp, line 774]
Event: 0.664 Thread 0x000002206ac483b0 Exception <a 'java/lang/IncompatibleClassChangeError'{0x000000071085f648}: Found class java.lang.Object, but interface was expected> (0x000000071085f648) 
thrown [s\open\src\hotspot\share\interpreter\linkResolver.cpp, line 841]
Event: 0.687 Thread 0x000002206ac483b0 Exception <a 'java/lang/NoSuchMethodError'{0x0000000710645498}: 'java.lang.Object java.lang.invoke.DirectMethodHandle$Holder.invokeSpecialIFC(java.lang.Object, java.lang.Object, java.lang.Object, java.lang.Object)'> (0x0000000710645498) 
thrown [s\open\src\hotspot\share\interpreter\linkResolver.cpp, line 774]
Event: 0.698 Thread 0x000002206ac483b0 Exception <a 'java/lang/NoSuchMethodError'{0x00000007106f0638}: 'int java.lang.invoke.DirectMethodHandle$Holder.invokeStatic(java.lang.Object, java.lang.Object, java.lang.Object, java.lang.Object)'> (0x00000007106f0638) 
thrown [s\open\src\hotspot\share\interpreter\linkResolver.cpp, line 774]
Event: 0.702 Thread 0x000002206ac483b0 Exception <a 'java/lang/NoSuchMethodError'{0x000000071073dcc8}: 'void java.lang.invoke.DirectMethodHandle$Holder.invokeSpecial(java.lang.Object, java.lang.Object, java.lang.Object, java.lang.Object, java.lang.Object)'> (0x000000071073dcc8) 
thrown [s\open\src\hotspot\share\interpreter\linkResolver.cpp, line 774]
Event: 0.708 Thread 0x000002206ac483b0 Exception <a 'java/lang/NoSuchMethodError'{0x00000007107a9808}: 'long java.lang.invoke.DirectMethodHandle$Holder.invokeSpecial(java.lang.Object, java.lang.Object)'> (0x00000007107a9808) 
thrown [s\open\src\hotspot\share\interpreter\linkResolver.cpp, line 774]
Event: 0.708 Thread 0x000002206ac483b0 Exception <a 'java/lang/NoSuchMethodError'{0x00000007107acfc8}: 'long java.lang.invoke.Invokers$Holder.invokeExact_MT(java.lang.Object, java.lang.Object)'> (0x00000007107acfc8) 
thrown [s\open\src\hotspot\share\interpreter\linkResolver.cpp, line 774]
Event: 0.717 Thread 0x000002206ac483b0 Exception <a 'java/lang/NoSuchMethodError'{0x000000071040e448}: 'java.lang.Object java.lang.invoke.DirectMethodHandle$Holder.newInvokeSpecial(java.lang.Object, java.lang.Object, int)'> (0x000000071040e448) 
thrown [s\open\src\hotspot\share\interpreter\linkResolver.cpp, line 774]
Event: 0.725 Thread 0x000002206ac483b0 Exception <a 'java/lang/NoSuchMethodError'{0x000000071047be90}: 'void java.lang.invoke.DirectMethodHandle$Holder.invokeInterface(java.lang.Object, java.lang.Object, java.lang.Object, java.lang.Object)'> (0x000000071047be90) 
thrown [s\open\src\hotspot\share\interpreter\linkResolver.cpp, line 774]
Event: 0.725 Thread 0x000002206ac483b0 Exception <a 'java/lang/IncompatibleClassChangeError'{0x000000071047f5e0}: Found class java.lang.Object, but interface was expected> (0x000000071047f5e0) 
thrown [s\open\src\hotspot\share\interpreter\linkResolver.cpp, line 841]
Event: 0.730 Thread 0x000002206ac483b0 Exception <a 'java/lang/NoSuchMethodError'{0x00000007104cf410}: 'void java.lang.invoke.DirectMethodHandle$Holder.invokeStatic(java.lang.Object, java.lang.Object, java.lang.Object, java.lang.Object)'> (0x00000007104cf410) 
thrown [s\open\src\hotspot\share\interpreter\linkResolver.cpp, line 774]
Event: 0.738 Thread 0x000002206ac483b0 Exception <a 'java/lang/NoSuchMethodError'{0x000000071059c488}: 'java.lang.Object java.lang.invoke.Invokers$Holder.invokeExact_MT(java.lang.Object, java.lang.Object, java.lang.Object, java.lang.Object, java.lang.Object, java.lang.Object)'> (0x000000071059c488) 
thrown [s\open\src\hotspot\share\interpreter\linkResolver.cpp, line 774]
Event: 0.739 Thread 0x000002206ac483b0 Exception <a 'java/lang/NoSuchMethodError'{0x00000007105ac658}: 'int java.lang.invoke.DirectMethodHandle$Holder.invokeStatic(java.lang.Object, java.lang.Object, java.lang.Object, java.lang.Object, java.lang.Object)'> (0x00000007105ac658) 
thrown [s\open\src\hotspot\share\interpreter\linkResolver.cpp, line 774]
Event: 0.743 Thread 0x000002206ac483b0 Exception <a 'java/lang/NoSuchMethodError'{0x000000071021f010}: 'void java.lang.invoke.DirectMethodHandle$Holder.invokeStaticInit(java.lang.Object)'> (0x000000071021f010) 
thrown [s\open\src\hotspot\share\interpreter\linkResolver.cpp, line 774]
Event: 0.794 Thread 0x000002206ac483b0 Exception <a 'java/lang/NoSuchMethodError'{0x000000070fe62908}: 'int java.lang.invoke.DirectMethodHandle$Holder.invokeSpecial(java.lang.Object, java.lang.Object, java.lang.Object, java.lang.Object)'> (0x000000070fe62908) 
thrown [s\open\src\hotspot\share\interpreter\linkResolver.cpp, line 774]

VM Operations (20 events):
Event: 2.320 Executing VM operation: get/set locals
Event: 2.320 Executing VM operation: get/set locals done
Event: 2.321 Executing VM operation: get/set locals
Event: 2.321 Executing VM operation: get/set locals done
Event: 2.322 Executing VM operation: get/set locals
Event: 2.322 Executing VM operation: get/set locals done
Event: 2.323 Executing VM operation: get/set locals
Event: 2.323 Executing VM operation: get/set locals done
Event: 2.323 Executing VM operation: get/set locals
Event: 2.323 Executing VM operation: get/set locals done
Event: 2.324 Executing VM operation: get/set locals
Event: 2.324 Executing VM operation: get/set locals done
Event: 71.398 Executing VM operation: ChangeSingleStep
Event: 71.399 Executing VM operation: ChangeSingleStep done
Event: 71.399 Executing VM operation: ChangeSingleStep
Event: 71.399 Executing VM operation: ChangeSingleStep done
Event: 71.401 Executing VM operation: RedefineClasses
Event: 71.406 Executing VM operation: RedefineClasses done
Event: 71.407 Executing VM operation: ChangeSingleStep
Event: 71.407 Executing VM operation: ChangeSingleStep done

Events (18 events):
Event: 0.030 Thread 0x000002206ac483b0 Thread added: 0x000002206ac483b0
Event: 0.053 Thread 0x000002207f86c220 Thread added: 0x000002207f86c220
Event: 0.053 Thread 0x000002207f86d450 Thread added: 0x000002207f86d450
Event: 0.054 Thread 0x000002207f879150 Thread added: 0x000002207f879150
Event: 0.054 Thread 0x000002207f899a90 Thread added: 0x000002207f899a90
Event: 0.054 Thread 0x000002207f856c30 Thread added: 0x000002207f856c30
Event: 0.054 Thread 0x000002207f843510 Thread added: 0x000002207f843510
Event: 0.054 Thread 0x000002207f847810 Thread added: 0x000002207f847810
Event: 0.055 Thread 0x000002207f89d990 Thread added: 0x000002207f89d990
Event: 0.055 Thread 0x000002207f849780 Thread added: 0x000002207f849780
Event: 0.096 Thread 0x000002207fa2e020 Thread added: 0x000002207fa2e020
Event: 0.125 Thread 0x000002207fb3fe00 Thread added: 0x000002207fb3fe00
Event: 0.125 Thread 0x000002207fb57010 Thread added: 0x000002207fb57010
Event: 0.125 Thread 0x000002207fb5a5a0 Thread added: 0x000002207fb5a5a0
Event: 0.312 Thread 0x00000220154e0890 Thread added: 0x00000220154e0890
Event: 0.332 Thread 0x00000220155a34b0 Thread added: 0x00000220155a34b0
Event: 0.481 Thread 0x0000022015721ff0 Thread added: 0x0000022015721ff0
Event: 5.812 Thread 0x00000220154e0890 Thread exited: 0x00000220154e0890


Dynamic libraries:
0x00007ff6b5390000 - 0x00007ff6b539e000 	C:\devel\jdk-19-JavaFX\bin\javaw.exe
0x00007ff965db0000 - 0x00007ff965fa8000 	C:\Windows\SYSTEM32\ntdll.dll
0x00007ff9643a0000 - 0x00007ff96445d000 	C:\Windows\System32\KERNEL32.DLL
0x00007ff9637f0000 - 0x00007ff963ae6000 	C:\Windows\System32\KERNELBASE.dll
0x00007ff9635c0000 - 0x00007ff9636c0000 	C:\Windows\System32\ucrtbase.dll
0x00007ff9578f0000 - 0x00007ff95790b000 	C:\devel\jdk-19-JavaFX\bin\VCRUNTIME140.dll
0x00007ff94fe80000 - 0x00007ff94fe97000 	C:\devel\jdk-19-JavaFX\bin\jli.dll
0x00007ff95a200000 - 0x00007ff95a49a000 	C:\Windows\WinSxS\amd64_microsoft.windows.common-controls_6595b64144ccf1df_6.0.19041.3636_none_60b6a03d71f818d5\COMCTL32.dll
0x00007ff9650b0000 - 0x00007ff96524e000 	C:\Windows\System32\USER32.dll
0x00007ff963f50000 - 0x00007ff963fee000 	C:\Windows\System32\msvcrt.dll
0x00007ff963710000 - 0x00007ff963732000 	C:\Windows\System32\win32u.dll
0x00007ff965070000 - 0x00007ff96509c000 	C:\Windows\System32\GDI32.dll
0x00007ff963af0000 - 0x00007ff963c0a000 	C:\Windows\System32\gdi32full.dll
0x00007ff963520000 - 0x00007ff9635bd000 	C:\Windows\System32\msvcp_win.dll
0x00007ff964460000 - 0x00007ff964490000 	C:\Windows\System32\IMM32.DLL
0x00007ff9578e0000 - 0x00007ff9578ec000 	C:\devel\jdk-19-JavaFX\bin\vcruntime140_1.dll
0x00007ff943210000 - 0x00007ff94329e000 	C:\devel\jdk-19-JavaFX\bin\msvcp140.dll
0x00007ff906500000 - 0x00007ff9071c0000 	C:\devel\jdk-19-JavaFX\bin\server\jvm.dll
0x00007ff965c60000 - 0x00007ff965d0f000 	C:\Windows\System32\ADVAPI32.dll
0x00007ff965b00000 - 0x00007ff965b9c000 	C:\Windows\System32\sechost.dll
0x00007ff9659d0000 - 0x00007ff965af6000 	C:\Windows\System32\RPCRT4.dll
0x00007ff9486e0000 - 0x00007ff9486e9000 	C:\Windows\SYSTEM32\WSOCK32.dll
0x00007ff956690000 - 0x00007ff9566b7000 	C:\Windows\SYSTEM32\WINMM.dll
0x00007ff95d1e0000 - 0x00007ff95d1ea000 	C:\Windows\SYSTEM32\VERSION.dll
0x00007ff965250000 - 0x00007ff9652bb000 	C:\Windows\System32\WS2_32.dll
0x00007ff961d00000 - 0x00007ff961d12000 	C:\Windows\SYSTEM32\kernel.appcore.dll
0x00007ff950300000 - 0x00007ff95030a000 	C:\devel\jdk-19-JavaFX\bin\jimage.dll
0x00007ff961060000 - 0x00007ff961244000 	C:\Windows\SYSTEM32\DBGHELP.DLL
0x00007ff948c60000 - 0x00007ff948c94000 	C:\Windows\SYSTEM32\dbgcore.DLL
0x00007ff963490000 - 0x00007ff963512000 	C:\Windows\System32\bcryptPrimitives.dll
0x00007ff9475d0000 - 0x00007ff94760c000 	C:\devel\jdk-19-JavaFX\bin\jdwp.dll
0x00007ff9502a0000 - 0x00007ff9502ae000 	C:\devel\jdk-19-JavaFX\bin\instrument.dll
0x00007ff94fe50000 - 0x00007ff94fe76000 	C:\devel\jdk-19-JavaFX\bin\java.dll
0x00007ff9644b0000 - 0x00007ff964bf4000 	C:\Windows\System32\SHELL32.dll
0x00007ff961550000 - 0x00007ff961ceb000 	C:\Windows\SYSTEM32\windows.storage.dll
0x00007ff964d10000 - 0x00007ff965064000 	C:\Windows\System32\combase.dll
0x00007ff962ed0000 - 0x00007ff962efd000 	C:\Windows\SYSTEM32\Wldp.dll
0x00007ff965bb0000 - 0x00007ff965c5d000 	C:\Windows\System32\SHCORE.dll
0x00007ff965d10000 - 0x00007ff965d65000 	C:\Windows\System32\shlwapi.dll
0x00007ff9633c0000 - 0x00007ff9633e5000 	C:\Windows\SYSTEM32\profapi.dll
0x00007ff94fcc0000 - 0x00007ff94fccc000 	C:\devel\jdk-19-JavaFX\bin\dt_socket.dll
0x00007ff962850000 - 0x00007ff96288b000 	C:\Windows\SYSTEM32\IPHLPAPI.DLL
0x00007ff962bc0000 - 0x00007ff962c2a000 	C:\Windows\system32\mswsock.dll
0x00007ff9628f0000 - 0x00007ff9629ba000 	C:\Windows\SYSTEM32\DNSAPI.dll
0x00007ff965ba0000 - 0x00007ff965ba8000 	C:\Windows\System32\NSI.dll
0x00007ff95ce10000 - 0x00007ff95ce1a000 	C:\Windows\System32\rasadhlp.dll
0x00007ff95c960000 - 0x00007ff95c9e0000 	C:\Windows\System32\fwpuclnt.dll
0x00007ff963de0000 - 0x00007ff963e07000 	C:\Windows\System32\bcrypt.dll
0x00007ff94cb80000 - 0x00007ff94cb98000 	C:\devel\jdk-19-JavaFX\bin\zip.dll
0x00007ff94cac0000 - 0x00007ff94cad3000 	C:\devel\jdk-19-JavaFX\bin\net.dll
0x00007ff95d330000 - 0x00007ff95d43a000 	C:\Windows\SYSTEM32\WINHTTP.dll
0x00007ff9491d0000 - 0x00007ff9491e6000 	C:\devel\jdk-19-JavaFX\bin\nio.dll
0x00007ff94c660000 - 0x00007ff94c670000 	C:\devel\jdk-19-JavaFX\bin\verify.dll
0x00007ff95d760000 - 0x00007ff95d777000 	C:\Windows\SYSTEM32\dhcpcsvc6.DLL
0x00007ff95d740000 - 0x00007ff95d75d000 	C:\Windows\SYSTEM32\dhcpcsvc.DLL

dbghelp: loaded successfully - version: 4.0.5 - missing functions: none
symbol engine: initialized successfully - sym options: 0x614 - pdb path: .;C:\devel\jdk-19-JavaFX\bin;C:\Windows\SYSTEM32;C:\Windows\WinSxS\amd64_microsoft.windows.common-controls_6595b64144ccf1df_6.0.19041.3636_none_60b6a03d71f818d5;C:\devel\jdk-19-JavaFX\bin\server

VM Arguments:
jvm_args: -XX:+ShowCodeDetailsInExceptionMessages -agentlib:jdwp=transport=dt_socket,suspend=y,address=localhost:64707 -ea -javaagent:C:\devel\ec2212\eclipse\configuration\org.eclipse.osgi\227\0\.cp\lib\javaagent-shaded.jar -Dfile.encoding=UTF-8 
java_command: org.eclipse.jdt.internal.junit.runner.RemoteTestRunner -version 3 -port 64706 -testLoaderClass org.eclipse.jdt.internal.junit5.runner.JUnit5TestLoader -loaderpluginname org.eclipse.jdt.junit5.runtime -classNames kerho.test.KierrosTest
java_class_path (initial): C:\kurssit\ohj2\Harjoitusty\bin;C:\devel\jar\Ali.jar;C:\devel\jar\fxgui.jar;C:\devel\jar\Graphics.jar;C:\devel\jar\Music.jar;C:\devel\ec2212\eclipse\plugins\junit-jupiter-api_5.9.1.jar;C:\devel\ec2212\eclipse\plugins\junit-jupiter-engine_5.9.1.jar;C:\devel\ec2212\eclipse\plugins\junit-jupiter-migrationsupport_5.9.1.jar;C:\devel\ec2212\eclipse\plugins\junit-jupiter-params_5.9.1.jar;C:\devel\ec2212\eclipse\plugins\junit-platform-commons_1.9.1.jar;C:\devel\ec2212\eclipse\plugins\junit-platform-engine_1.9.1.jar;C:\devel\ec2212\eclipse\plugins\junit-platform-launcher_1.9.1.jar;C:\devel\ec2212\eclipse\plugins\junit-platform-runner_1.9.1.jar;C:\devel\ec2212\eclipse\plugins\junit-platform-suite-api_1.9.1.jar;C:\devel\ec2212\eclipse\plugins\junit-platform-suite-engine_1.9.1.jar;C:\devel\ec2212\eclipse\plugins\junit-platform-suite-commons_1.9.1.jar;C:\devel\ec2212\eclipse\plugins\junit-vintage-engine_5.9.1.jar;C:\devel\ec2212\eclipse\plugins\org.opentest4j_1.2.0.jar;C:\devel\ec2212\eclipse\plugins\org.apiguardian.api_1.1.2.jar;C:\devel\ec2212\eclipse\plugins\org.junit_4.13.2.v20211018-1956.jar;C:\devel\ec2212\eclipse\plugins\org.hamcrest.core_1.3.0.v20180420-1519.jar;C:\devel\ec2212\eclipse\configuration\org.eclipse.osgi\226\0\.cp;C:\devel\ec2212\eclipse\configuration\org.eclipse.osgi\224\0\.cp
Launcher Type: SUN_STANDARD

[Global flags]
     intx CICompilerCount                          = 4                                         {product} {ergonomic}
     uint ConcGCThreads                            = 2                                         {product} {ergonomic}
     uint G1ConcRefinementThreads                  = 8                                         {product} {ergonomic}
   size_t G1HeapRegionSize                         = 2097152                                   {product} {ergonomic}
    uintx GCDrainStackTargetSize                   = 64                                        {product} {ergonomic}
   size_t InitialHeapSize                          = 268435456                                 {product} {ergonomic}
   size_t MarkStackSize                            = 4194304                                   {product} {ergonomic}
   size_t MaxHeapSize                              = 4280287232                                {product} {ergonomic}
   size_t MaxNewSize                               = 2566914048                                {product} {ergonomic}
   size_t MinHeapDeltaBytes                        = 2097152                                   {product} {ergonomic}
   size_t MinHeapSize                              = 8388608                                   {product} {ergonomic}
    uintx NonNMethodCodeHeapSize                   = 5839372                                {pd product} {ergonomic}
    uintx NonProfiledCodeHeapSize                  = 122909434                              {pd product} {ergonomic}
    uintx ProfiledCodeHeapSize                     = 122909434                              {pd product} {ergonomic}
    uintx ReservedCodeCacheSize                    = 251658240                              {pd product} {ergonomic}
     bool SegmentedCodeCache                       = true                                      {product} {ergonomic}
     bool ShowCodeDetailsInExceptionMessages       = true                                   {manageable} {command line}
   size_t SoftMaxHeapSize                          = 4280287232                             {manageable} {ergonomic}
     bool UseCompressedClassPointers               = true                           {product lp64_product} {ergonomic}
     bool UseCompressedOops                        = true                           {product lp64_product} {ergonomic}
     bool UseG1GC                                  = true                                      {product} {ergonomic}
     bool UseLargePagesIndividualAllocation        = false                                  {pd product} {ergonomic}

Logging:
Log output configuration:
 #0: stdout all=warning uptime,level,tags foldmultilines=false
 #1: stderr all=off uptime,level,tags foldmultilines=false

Environment Variables:
JAVA_HOME=C:\devel\jdk-19-JavaFX
PATH=C:/devel/ec2212/eclipse//plugins/org.eclipse.justj.openjdk.hotspot.jre.full.win32.x86_64_17.0.5.v20221102-0933/jre/bin/server;C:/devel/ec2212/eclipse//plugins/org.eclipse.justj.openjdk.hotspot.jre.full.win32.x86_64_17.0.5.v20221102-0933/jre/bin;C:\devel\jdk-19-JavaFX\bin;C:\Program Files (x86)\Common Files\Oracle\Java\javapath;C:\Windows\system32;C:\Windows;C:\Windows\System32\Wbem;C:\Windows\System32\WindowsPowerShell\v1.0\;C:\Windows\System32\OpenSSH\;C:\Program Files\NVIDIA Corporation\NVIDIA NvDLISR;C:\Program Files (x86)\NVIDIA Corporation\PhysX\Common;C:\Program Files\Git\cmd;C:\Program Files\Microsoft SQL Server\150\Tools\Binn\;C:\Program Files\Microsoft SQL Server\Client SDK\ODBC\170\Tools\Binn\;C:\Program Files\dotnet\;C:\VASARA\Vagrant\bin;C:\Users\elias\AppData\Local\Programs\Python\Python312\;C:\Users\elias\AppData\Local\Programs\Python\Python312\Scripts\;C:\Users\elias\AppData\Local\Programs\Python\Launcher\;C:\Users\elias\AppData\Roaming\Microsoft\Windows\Start Menu\Programs\Python 3.11;C:\Users\elias\AppData\Local\Programs\Microsoft VS Code\bin;;C:\devel\ec2212\eclipse;
USERNAME=elias
OS=Windows_NT
PROCESSOR_IDENTIFIER=Intel64 Family 6 Model 94 Stepping 3, GenuineIntel
TMP=C:\Users\elias\AppData\Local\Temp
TEMP=C:\Users\elias\AppData\Local\Temp



---------------  S Y S T E M  ---------------

OS:
 Windows 10 , 64 bit Build 19041 (10.0.19041.3636)
OS uptime: 13 days 5:23 hours

CPU: total 8 (initial active 8) (4 cores per cpu, 2 threads per core) family 6 model 94 stepping 3 microcode 0xcc, cx8, cmov, fxsr, ht, mmx, 3dnowpref, sse, sse2, sse3, ssse3, sse4.1, sse4.2, popcnt, lzcnt, tsc, tscinvbit, avx, avx2, aes, erms, clmul, bmi1, bmi2, rtm, adx, fma, vzeroupper, clflush, clflushopt, rdtscp

Memory: 4k page, system-wide physical 16322M (7328M free)
TotalPageFile size 18754M (AvailPageFile size 4383M)
current process WorkingSet (physical memory assigned to process): 74M, peak: 82M
current process commit charge ("private bytes"): 355M, peak: 362M

vm_info: OpenJDK 64-Bit Server VM (19.0.1+10-21) for windows-amd64 JRE (19.0.1+10-21), built on 2022-09-14T12:45:06Z by "mach5one" with MS VC++ 17.1 (VS2022)

END.
